<html>
<body>
<pre>
<h1>µVision Build Log</h1>
<h2>Tool Versions:</h2>
IDE-Version: ¦ÌVision V5.20.0.39
Copyright (C) 2016 ARM Ltd and ARM Germany GmbH. All rights reserved.
License Information: w illiam, fasg, LIC=21NJJ-URFVX-KXZU6-DLGJW-AENBX-G1HU2
 
Tool Versions:
Toolchain:       PK51 Prof. Developers Kit  Version: 9.56.0.0
Toolchain Path:  D:\keil\C51\BIN
C Compiler:      C51.exe V9.56.0.0
Assembler:       A51.exe V8.2.5.0
Linker/Locator:  BL51.exe V6.22
Library Manager: LIB51.exe V4.30.1.0
Hex Converter:   OH51.exe V2.7.0.0
CPU DLL:         S8051.DLL V3.106.0.0
Dialog DLL:      DP51.DLL V2.63.0.0 
<h2>Project:</h2>
D:\learngit\train_2019\number\xingxing.chen\zhongduan\zhongduan.uvproj
Project File Date:  08/23/2019

<h2>Output:</h2>
Build target 'Target 1'
compiling zhongduan.c...
zhongduan.c(7): warning C206: '_ncp_': missing function-prototype
zhongduan.c(9): error C100: unprintable character 0xA3 skipped
zhongduan.c(9): error C100: unprintable character 0xA9 skipped
zhongduan.c(9): error C141: syntax error near '0', expected ')'
zhongduan.c(12): error C141: syntax error near 'if'
zhongduan.c(12): error C141: syntax error near '==', expected ')'
zhongduan.c(14): error C231: 'p1_0': redefinition
zhongduan.c(14): error C247: non-address/-constant initializer
zhongduan.c(14): error C231: 'p1_0': redefinition
zhongduan.c(15): error C141: syntax error near 'while'
zhongduan.c(15): error C141: syntax error near '==', expected ')'
Target not created.
Build Time Elapsed:  00:00:01
</pre>
</body>
</html>
